<?xml version="1.0" encoding="UTF-8"?>
<testsuite name="com.kodilla.ecommercee.SpringBootJPAIntegrationTest" tests="1" skipped="0" failures="0" errors="0" timestamp="2020-07-27T20:09:11" hostname="IBM-Komputer" time="0.505">
  <properties/>
  <testcase name="givenGenericEntityRepository_whenSaveAndRetreiveEntity_thenOK" classname="com.kodilla.ecommercee.SpringBootJPAIntegrationTest" time="0.505"/>
  <system-out><![CDATA[2020-07-27 22:09:11.674  INFO 3972 --- [    Test worker] .b.t.c.SpringBootTestContextBootstrapper : Neither @ContextConfiguration nor @ContextHierarchy found for test class [com.kodilla.ecommercee.SpringBootJPAIntegrationTest], using SpringBootContextLoader
2020-07-27 22:09:11.677  INFO 3972 --- [    Test worker] o.s.t.c.support.AbstractContextLoader    : Could not detect default resource locations for test class [com.kodilla.ecommercee.SpringBootJPAIntegrationTest]: no resource found for suffixes {-context.xml, Context.groovy}.
2020-07-27 22:09:11.678  INFO 3972 --- [    Test worker] t.c.s.AnnotationConfigContextLoaderUtils : Could not detect default configuration classes for test class [com.kodilla.ecommercee.SpringBootJPAIntegrationTest]: SpringBootJPAIntegrationTest does not declare any static, non-private, non-final, nested classes annotated with @Configuration.
2020-07-27 22:09:11.685  INFO 3972 --- [    Test worker] .b.t.c.SpringBootTestContextBootstrapper : Found @SpringBootConfiguration com.kodilla.ecommercee.EcommerceeApplication for test class com.kodilla.ecommercee.SpringBootJPAIntegrationTest
2020-07-27 22:09:11.691  INFO 3972 --- [    Test worker] .b.t.c.SpringBootTestContextBootstrapper : Loaded default TestExecutionListener class names from location [META-INF/spring.factories]: [org.springframework.boot.test.autoconfigure.restdocs.RestDocsTestExecutionListener, org.springframework.boot.test.autoconfigure.web.client.MockRestServiceServerResetTestExecutionListener, org.springframework.boot.test.autoconfigure.web.servlet.MockMvcPrintOnlyOnFailureTestExecutionListener, org.springframework.boot.test.autoconfigure.web.servlet.WebDriverTestExecutionListener, org.springframework.boot.test.mock.mockito.MockitoTestExecutionListener, org.springframework.boot.test.mock.mockito.ResetMocksTestExecutionListener, org.springframework.test.context.web.ServletTestExecutionListener, org.springframework.test.context.support.DirtiesContextBeforeModesTestExecutionListener, org.springframework.test.context.support.DependencyInjectionTestExecutionListener, org.springframework.test.context.support.DirtiesContextTestExecutionListener, org.springframework.test.context.transaction.TransactionalTestExecutionListener, org.springframework.test.context.jdbc.SqlScriptsTestExecutionListener]
2020-07-27 22:09:11.692  INFO 3972 --- [    Test worker] .b.t.c.SpringBootTestContextBootstrapper : Using TestExecutionListeners: [org.springframework.test.context.web.ServletTestExecutionListener@ead81f9, org.springframework.test.context.support.DirtiesContextBeforeModesTestExecutionListener@171f6aac, org.springframework.boot.test.mock.mockito.MockitoTestExecutionListener@7fe8eafc, org.springframework.boot.test.autoconfigure.SpringBootDependencyInjectionTestExecutionListener@10d85243, org.springframework.test.context.support.DirtiesContextTestExecutionListener@7218abe8, org.springframework.test.context.transaction.TransactionalTestExecutionListener@1ebef50d, org.springframework.test.context.jdbc.SqlScriptsTestExecutionListener@2639432c, org.springframework.boot.test.autoconfigure.restdocs.RestDocsTestExecutionListener@742147e2, org.springframework.boot.test.autoconfigure.web.client.MockRestServiceServerResetTestExecutionListener@4351e565, org.springframework.boot.test.autoconfigure.web.servlet.MockMvcPrintOnlyOnFailureTestExecutionListener@2aae669f, org.springframework.boot.test.autoconfigure.web.servlet.WebDriverTestExecutionListener@466270c5, org.springframework.boot.test.mock.mockito.ResetMocksTestExecutionListener@380231bc]
]]></system-out>
  <system-err><![CDATA[]]></system-err>
</testsuite>
