<?xml version="1.0" encoding="UTF-8"?>
<testsuite name="com.kodilla.ecommercee.EcommerceeApplicationTests" tests="1" skipped="0" failures="0" errors="0" timestamp="2020-07-27T20:09:11" hostname="IBM-Komputer" time="0.317">
  <properties/>
  <testcase name="contextLoads" classname="com.kodilla.ecommercee.EcommerceeApplicationTests" time="0.317"/>
  <system-out><![CDATA[22:08:28.377 [Test worker] DEBUG org.springframework.test.context.junit4.SpringJUnit4ClassRunner - SpringJUnit4ClassRunner constructor called with [class com.kodilla.ecommercee.EcommerceeApplicationTests]
22:08:28.415 [Test worker] DEBUG org.springframework.test.context.BootstrapUtils - Instantiating CacheAwareContextLoaderDelegate from class [org.springframework.test.context.cache.DefaultCacheAwareContextLoaderDelegate]
22:08:28.452 [Test worker] DEBUG org.springframework.test.context.BootstrapUtils - Instantiating BootstrapContext using constructor [public org.springframework.test.context.support.DefaultBootstrapContext(java.lang.Class,org.springframework.test.context.CacheAwareContextLoaderDelegate)]
22:08:28.522 [Test worker] DEBUG org.springframework.test.context.BootstrapUtils - Instantiating TestContextBootstrapper for test class [com.kodilla.ecommercee.EcommerceeApplicationTests] from class [org.springframework.boot.test.context.SpringBootTestContextBootstrapper]
22:08:28.577 [Test worker] INFO org.springframework.boot.test.context.SpringBootTestContextBootstrapper - Neither @ContextConfiguration nor @ContextHierarchy found for test class [com.kodilla.ecommercee.EcommerceeApplicationTests], using SpringBootContextLoader
22:08:28.591 [Test worker] DEBUG org.springframework.test.context.support.AbstractContextLoader - Did not detect default resource location for test class [com.kodilla.ecommercee.EcommerceeApplicationTests]: class path resource [com/kodilla/ecommercee/EcommerceeApplicationTests-context.xml] does not exist
22:08:28.593 [Test worker] DEBUG org.springframework.test.context.support.AbstractContextLoader - Did not detect default resource location for test class [com.kodilla.ecommercee.EcommerceeApplicationTests]: class path resource [com/kodilla/ecommercee/EcommerceeApplicationTestsContext.groovy] does not exist
22:08:28.595 [Test worker] INFO org.springframework.test.context.support.AbstractContextLoader - Could not detect default resource locations for test class [com.kodilla.ecommercee.EcommerceeApplicationTests]: no resource found for suffixes {-context.xml, Context.groovy}.
22:08:28.599 [Test worker] INFO org.springframework.test.context.support.AnnotationConfigContextLoaderUtils - Could not detect default configuration classes for test class [com.kodilla.ecommercee.EcommerceeApplicationTests]: EcommerceeApplicationTests does not declare any static, non-private, non-final, nested classes annotated with @Configuration.
22:08:28.727 [Test worker] DEBUG org.springframework.test.context.support.ActiveProfilesUtils - Could not find an 'annotation declaring class' for annotation type [org.springframework.test.context.ActiveProfiles] and class [com.kodilla.ecommercee.EcommerceeApplicationTests]
22:08:28.967 [Test worker] DEBUG org.springframework.context.annotation.ClassPathScanningCandidateComponentProvider - Identified candidate component class: file [C:\Users\IBM\IdeaProjects\project-jdp-2007-02\build\classes\java\main\com\kodilla\ecommercee\EcommerceeApplication.class]
22:08:29.037 [Test worker] INFO org.springframework.boot.test.context.SpringBootTestContextBootstrapper - Found @SpringBootConfiguration com.kodilla.ecommercee.EcommerceeApplication for test class com.kodilla.ecommercee.EcommerceeApplicationTests
22:08:29.488 [Test worker] DEBUG org.springframework.boot.test.context.SpringBootTestContextBootstrapper - @TestExecutionListeners is not present for class [com.kodilla.ecommercee.EcommerceeApplicationTests]: using defaults.
22:08:29.491 [Test worker] INFO org.springframework.boot.test.context.SpringBootTestContextBootstrapper - Loaded default TestExecutionListener class names from location [META-INF/spring.factories]: [org.springframework.boot.test.autoconfigure.restdocs.RestDocsTestExecutionListener, org.springframework.boot.test.autoconfigure.web.client.MockRestServiceServerResetTestExecutionListener, org.springframework.boot.test.autoconfigure.web.servlet.MockMvcPrintOnlyOnFailureTestExecutionListener, org.springframework.boot.test.autoconfigure.web.servlet.WebDriverTestExecutionListener, org.springframework.boot.test.mock.mockito.MockitoTestExecutionListener, org.springframework.boot.test.mock.mockito.ResetMocksTestExecutionListener, org.springframework.test.context.web.ServletTestExecutionListener, org.springframework.test.context.support.DirtiesContextBeforeModesTestExecutionListener, org.springframework.test.context.support.DependencyInjectionTestExecutionListener, org.springframework.test.context.support.DirtiesContextTestExecutionListener, org.springframework.test.context.transaction.TransactionalTestExecutionListener, org.springframework.test.context.jdbc.SqlScriptsTestExecutionListener]
22:08:29.577 [Test worker] INFO org.springframework.boot.test.context.SpringBootTestContextBootstrapper - Using TestExecutionListeners: [org.springframework.test.context.web.ServletTestExecutionListener@6c38906e, org.springframework.test.context.support.DirtiesContextBeforeModesTestExecutionListener@2e9caac4, org.springframework.boot.test.mock.mockito.MockitoTestExecutionListener@70ff7f24, org.springframework.boot.test.autoconfigure.SpringBootDependencyInjectionTestExecutionListener@21866352, org.springframework.test.context.support.DirtiesContextTestExecutionListener@9952cec, org.springframework.test.context.transaction.TransactionalTestExecutionListener@42946d90, org.springframework.test.context.jdbc.SqlScriptsTestExecutionListener@49992cb9, org.springframework.boot.test.autoconfigure.restdocs.RestDocsTestExecutionListener@5b975a2b, org.springframework.boot.test.autoconfigure.web.client.MockRestServiceServerResetTestExecutionListener@7bc5eff9, org.springframework.boot.test.autoconfigure.web.servlet.MockMvcPrintOnlyOnFailureTestExecutionListener@1a5ce5fc, org.springframework.boot.test.autoconfigure.web.servlet.WebDriverTestExecutionListener@1aa0eeea, org.springframework.boot.test.mock.mockito.ResetMocksTestExecutionListener@7b07b997]
22:08:29.590 [Test worker] DEBUG org.springframework.test.annotation.ProfileValueUtils - Retrieved @ProfileValueSourceConfiguration [null] for test class [com.kodilla.ecommercee.EcommerceeApplicationTests]
22:08:29.592 [Test worker] DEBUG org.springframework.test.annotation.ProfileValueUtils - Retrieved ProfileValueSource type [class org.springframework.test.annotation.SystemProfileValueSource] for class [com.kodilla.ecommercee.EcommerceeApplicationTests]
22:08:29.594 [Test worker] DEBUG org.springframework.test.annotation.ProfileValueUtils - Retrieved @ProfileValueSourceConfiguration [null] for test class [com.kodilla.ecommercee.EcommerceeApplicationTests]
22:08:29.595 [Test worker] DEBUG org.springframework.test.annotation.ProfileValueUtils - Retrieved ProfileValueSource type [class org.springframework.test.annotation.SystemProfileValueSource] for class [com.kodilla.ecommercee.EcommerceeApplicationTests]
22:08:29.632 [Test worker] DEBUG org.springframework.test.context.support.AbstractDirtiesContextTestExecutionListener - Before test class: context [DefaultTestContext@372ebcbe testClass = EcommerceeApplicationTests, testInstance = [null], testMethod = [null], testException = [null], mergedContextConfiguration = [WebMergedContextConfiguration@25be1687 testClass = EcommerceeApplicationTests, locations = '{}', classes = '{class com.kodilla.ecommercee.EcommerceeApplication}', contextInitializerClasses = '[]', activeProfiles = '{}', propertySourceLocations = '{}', propertySourceProperties = '{org.springframework.boot.test.context.SpringBootTestContextBootstrapper=true}', contextCustomizers = set[org.springframework.boot.test.autoconfigure.properties.PropertyMappingContextCustomizer@0, org.springframework.boot.test.autoconfigure.web.servlet.WebDriverContextCustomizerFactory$Customizer@63cef2e9, org.springframework.boot.test.context.filter.ExcludeFilterContextCustomizer@79476c5a, org.springframework.boot.test.json.DuplicateJsonObjectContextCustomizerFactory$DuplicateJsonObjectContextCustomizer@52d040c4, org.springframework.boot.test.mock.mockito.MockitoContextCustomizer@0, org.springframework.boot.test.web.client.TestRestTemplateContextCustomizer@52999cbe], resourceBasePath = 'src/main/webapp', contextLoader = 'org.springframework.boot.test.context.SpringBootContextLoader', parent = [null]], attributes = map['org.springframework.test.context.web.ServletTestExecutionListener.activateListener' -> true]], class annotated with @DirtiesContext [false] with mode [null].
22:08:29.634 [Test worker] DEBUG org.springframework.test.annotation.ProfileValueUtils - Retrieved @ProfileValueSourceConfiguration [null] for test class [com.kodilla.ecommercee.EcommerceeApplicationTests]
22:08:29.635 [Test worker] DEBUG org.springframework.test.annotation.ProfileValueUtils - Retrieved ProfileValueSource type [class org.springframework.test.annotation.SystemProfileValueSource] for class [com.kodilla.ecommercee.EcommerceeApplicationTests]
22:08:29.702 [Test worker] DEBUG org.springframework.test.context.support.TestPropertySourceUtils - Adding inlined properties to environment: {spring.jmx.enabled=false, org.springframework.boot.test.context.SpringBootTestContextBootstrapper=true, server.port=-1}

  .   ____          _            __ _ _
 /\\ / ___'_ __ _ _(_)_ __  __ _ \ \ \ \
( ( )\___ | '_ | '_| | '_ \/ _` | \ \ \ \
 \\/  ___)| |_)| | | | | || (_| |  ) ) ) )
  '  |____| .__|_| |_|_| |_\__, | / / / /
 =========|_|==============|___/=/_/_/_/
 :: Spring Boot ::        (v2.1.1.RELEASE)

2020-07-27 22:08:30.622  INFO 3972 --- [    Test worker] c.k.e.EcommerceeApplicationTests         : Starting EcommerceeApplicationTests on IBM-Komputer with PID 3972 (started by IBM in C:\Users\IBM\IdeaProjects\project-jdp-2007-02)
2020-07-27 22:08:30.627  INFO 3972 --- [    Test worker] c.k.e.EcommerceeApplicationTests         : No active profile set, falling back to default profiles: default
2020-07-27 22:08:35.114  INFO 3972 --- [    Test worker] .s.d.r.c.RepositoryConfigurationDelegate : Bootstrapping Spring Data repositories in DEFAULT mode.
2020-07-27 22:08:36.809  INFO 3972 --- [    Test worker] .s.d.r.c.RepositoryConfigurationDelegate : Finished Spring Data repository scanning in 1667ms. Found 1 repository interfaces.
2020-07-27 22:08:47.843  INFO 3972 --- [    Test worker] trationDelegate$BeanPostProcessorChecker : Bean 'org.springframework.transaction.annotation.ProxyTransactionManagementConfiguration' of type [org.springframework.transaction.annotation.ProxyTransactionManagementConfiguration$$EnhancerBySpringCGLIB$$5f22e712] is not eligible for getting processed by all BeanPostProcessors (for example: not eligible for auto-proxying)
2020-07-27 22:08:49.500  INFO 3972 --- [    Test worker] com.zaxxer.hikari.HikariDataSource       : HikariPool-1 - Starting...
2020-07-27 22:08:50.416  INFO 3972 --- [    Test worker] com.zaxxer.hikari.HikariDataSource       : HikariPool-1 - Start completed.
2020-07-27 22:08:51.661  INFO 3972 --- [    Test worker] o.hibernate.jpa.internal.util.LogHelper  : HHH000204: Processing PersistenceUnitInfo [
	name: default
	...]
2020-07-27 22:08:52.206  INFO 3972 --- [    Test worker] org.hibernate.Version                    : HHH000412: Hibernate Core {5.3.7.Final}
2020-07-27 22:08:52.216  INFO 3972 --- [    Test worker] org.hibernate.cfg.Environment            : HHH000206: hibernate.properties not found
2020-07-27 22:08:53.318  INFO 3972 --- [    Test worker] o.hibernate.annotations.common.Version   : HCANN000001: Hibernate Commons Annotations {5.0.4.Final}
2020-07-27 22:08:54.156  INFO 3972 --- [    Test worker] org.hibernate.dialect.Dialect            : HHH000400: Using dialect: org.hibernate.dialect.H2Dialect
2020-07-27 22:08:57.850  INFO 3972 --- [    Test worker] o.h.t.schema.internal.SchemaCreatorImpl  : HHH000476: Executing import script 'org.hibernate.tool.schema.internal.exec.ScriptSourceInputNonExistentImpl@4012d273'
2020-07-27 22:08:57.869  INFO 3972 --- [    Test worker] j.LocalContainerEntityManagerFactoryBean : Initialized JPA EntityManagerFactory for persistence unit 'default'
2020-07-27 22:09:09.144  INFO 3972 --- [    Test worker] o.s.s.concurrent.ThreadPoolTaskExecutor  : Initializing ExecutorService 'applicationTaskExecutor'
2020-07-27 22:09:09.401  WARN 3972 --- [    Test worker] aWebConfiguration$JpaWebMvcConfiguration : spring.jpa.open-in-view is enabled by default. Therefore, database queries may be performed during view rendering. Explicitly configure spring.jpa.open-in-view to disable this warning
2020-07-27 22:09:11.169  INFO 3972 --- [    Test worker] c.k.e.EcommerceeApplicationTests         : Started EcommerceeApplicationTests in 41.44 seconds (JVM running for 47.069)
]]></system-out>
  <system-err><![CDATA[]]></system-err>
</testsuite>
